<?xml version="1.0" encoding="UTF-8"?>
<testsuite xmlns:xsi="http://www.w3.org/2001/XMLSchema-instance" xsi:noNamespaceSchemaLocation="https://maven.apache.org/surefire/maven-surefire-plugin/xsd/surefire-test-report.xsd" version="3.0.2" name="com.saucedemo.tests.SauceDemoTests" time="28.087" tests="10" errors="0" skipped="0" failures="0">
  <properties>
[...]
</properties>
  <testcase name="T1_navigationSmokeTest" classname="com.saucedemo.tests.SauceDemoTests" time="5.947">
    <system-err><![CDATA[Aug 30, 2026 9:06:05 AM org.openqa.selenium.devtools.CdpVersionFinder findNearestMatch
WARNING: Unable to find CDP implementation matching 151
Aug 30, 2026 9:06:05 AM org.openqa.selenium.chromium.ChromiumDriver lambda$new$4
WARNING: Unable to find version of CDP to use for 151.0.7922.174. You may need to include a dependency on a specific version of the CDP using something similar to `org.seleniumhq.selenium:selenium-devtools-v86:4.35.0` where the version ("v86") matches the version of the chromium-based browser you're using and the version number of the artifact is the same as Selenium's.
]]></system-err>
  </testcase>
  <testcase name="T3_positiveFlow_loginAddItemAndVerifyCart" classname="com.saucedemo.tests.SauceDemoTests" time="2.964">
    <system-err><![CDATA[Aug 30, 2026 9:06:08 AM org.openqa.selenium.devtools.CdpVersionFinder findNearestMatch
WARNING: Unable to find CDP implementation matching 151
Aug 30, 2026 9:06:08 AM org.openqa.selenium.chromium.ChromiumDriver lambda$new$4
WARNING: Unable to find version of CDP to use for 151.0.7922.174. You may need to include a dependency on a specific version of the CDP using something similar to `org.seleniumhq.selenium:selenium-devtools-v86:4.35.0` where the version ("v86") matches the version of the chromium-based browser you're using and the version number of the artifact is the same as Selenium's.
]]></system-err>
  </testcase>
  <testcase name="T2_twoLocatorStrategiesAreUsed" classname="com.saucedemo.tests.SauceDemoTests" time="2.5">
    <system-err><![CDATA[Aug 30, 2026 9:06:11 AM org.openqa.selenium.devtools.CdpVersionFinder findNearestMatch
WARNING: Unable to find CDP implementation matching 151
Aug 30, 2026 9:06:11 AM org.openqa.selenium.chromium.ChromiumDriver lambda$new$4
WARNING: Unable to find version of CDP to use for 151.0.7922.174. You may need to include a dependency on a specific version of the CDP using something similar to `org.seleniumhq.selenium:selenium-devtools-v86:4.35.0` where the version ("v86") matches the version of the chromium-based browser you're using and the version number of the artifact is the same as Selenium's.
]]></system-err>
  </testcase>
  <testcase name="T7_pageObjectIsUsedForLoginAndProducts" classname="com.saucedemo.tests.SauceDemoTests" time="2.434">
    <system-err><![CDATA[Aug 30, 2026 9:06:13 AM org.openqa.selenium.devtools.CdpVersionFinder findNearestMatch
WARNING: Unable to find CDP implementation matching 151
Aug 30, 2026 9:06:13 AM org.openqa.selenium.chromium.ChromiumDriver lambda$new$4
WARNING: Unable to find version of CDP to use for 151.0.7922.174. You may need to include a dependency on a specific version of the CDP using something similar to `org.seleniumhq.selenium:selenium-devtools-v86:4.35.0` where the version ("v86") matches the version of the chromium-based browser you're using and the version number of the artifact is the same as Selenium's.
]]></system-err>
  </testcase>
  <testcase name="T4_negativePath_wrongCredentialsShowsError" classname="com.saucedemo.tests.SauceDemoTests" time="2.343">
    <system-err><![CDATA[Aug 30, 2026 9:06:16 AM org.openqa.selenium.devtools.CdpVersionFinder findNearestMatch
WARNING: Unable to find CDP implementation matching 151
Aug 30, 2026 9:06:16 AM org.openqa.selenium.chromium.ChromiumDriver lambda$new$4
WARNING: Unable to find version of CDP to use for 151.0.7922.174. You may need to include a dependency on a specific version of the CDP using something similar to `org.seleniumhq.selenium:selenium-devtools-v86:4.35.0` where the version ("v86") matches the version of the chromium-based browser you're using and the version number of the artifact is the same as Selenium's.
]]></system-err>
  </testcase>
  <testcase name="T5_explicitWait_waitsForProductsTitle" classname="com.saucedemo.tests.SauceDemoTests" time="2.506">
    <system-err><![CDATA[Aug 30, 2026 9:06:18 AM org.openqa.selenium.devtools.CdpVersionFinder findNearestMatch
WARNING: Unable to find CDP implementation matching 151
Aug 30, 2026 9:06:18 AM org.openqa.selenium.chromium.ChromiumDriver lambda$new$4
WARNING: Unable to find version of CDP to use for 151.0.7922.174. You may need to include a dependency on a specific version of the CDP using something similar to `org.seleniumhq.selenium:selenium-devtools-v86:4.35.0` where the version ("v86") matches the version of the chromium-based browser you're using and the version number of the artifact is the same as Selenium's.
]]></system-err>
  </testcase>
  <testcase name="T6_parameterizedEquivalencePartitioning(String, String)[1]" classname="com.saucedemo.tests.SauceDemoTests" time="2.502">
    <system-err><![CDATA[Aug 30, 2026 9:06:21 AM org.openqa.selenium.devtools.CdpVersionFinder findNearestMatch
WARNING: Unable to find CDP implementation matching 151
Aug 30, 2026 9:06:21 AM org.openqa.selenium.chromium.ChromiumDriver lambda$new$4
WARNING: Unable to find version of CDP to use for 151.0.7922.174. You may need to include a dependency on a specific version of the CDP using something similar to `org.seleniumhq.selenium:selenium-devtools-v86:4.35.0` where the version ("v86") matches the version of the chromium-based browser you're using and the version number of the artifact is the same as Selenium's.
]]></system-err>
  </testcase>
  <testcase name="T6_parameterizedEquivalencePartitioning(String, String)[2]" classname="com.saucedemo.tests.SauceDemoTests" time="2.331">
    <system-err><![CDATA[Aug 30, 2026 9:06:23 AM org.openqa.selenium.devtools.CdpVersionFinder findNearestMatch
WARNING: Unable to find CDP implementation matching 151
Aug 30, 2026 9:06:23 AM org.openqa.selenium.chromium.ChromiumDriver lambda$new$4
WARNING: Unable to find version of CDP to use for 151.0.7922.174. You may need to include a dependency on a specific version of the CDP using something similar to `org.seleniumhq.selenium:selenium-devtools-v86:4.35.0` where the version ("v86") matches the version of the chromium-based browser you're using and the version number of the artifact is the same as Selenium's.
]]></system-err>
  </testcase>
  <testcase name="T6_parameterizedEquivalencePartitioning(String, String)[3]" classname="com.saucedemo.tests.SauceDemoTests" time="2.342">
    <system-err><![CDATA[Aug 30, 2026 9:06:25 AM org.openqa.selenium.devtools.CdpVersionFinder findNearestMatch
WARNING: Unable to find CDP implementation matching 151
Aug 30, 2026 9:06:25 AM org.openqa.selenium.chromium.ChromiumDriver lambda$new$4
WARNING: Unable to find version of CDP to use for 151.0.7922.174. You may need to include a dependency on a specific version of the CDP using something similar to `org.seleniumhq.selenium:selenium-devtools-v86:4.35.0` where the version ("v86") matches the version of the chromium-based browser you're using and the version number of the artifact is the same as Selenium's.
]]></system-err>
  </testcase>
  <testcase name="T8_lifecycleCreatesFreshBrowser" classname="com.saucedemo.tests.SauceDemoTests" time="2.114">
    <system-err><![CDATA[Aug 30, 2026 9:06:28 AM org.openqa.selenium.devtools.CdpVersionFinder findNearestMatch
WARNING: Unable to find CDP implementation matching 151
Aug 30, 2026 9:06:28 AM org.openqa.selenium.chromium.ChromiumDriver lambda$new$4
WARNING: Unable to find version of CDP to use for 151.0.7922.174. You may need to include a dependency on a specific version of the CDP using something similar to `org.seleniumhq.selenium:selenium-devtools-v86:4.35.0` where the version ("v86") matches the version of the chromium-based browser you're using and the version number of the artifact is the same as Selenium's.
]]></system-err>
  </testcase>
</testsuite>